<?xml version="1.0" encoding="UTF-8"?>
<testsuite name="IPLTest" tests="1" skipped="0" failures="0" errors="0" timestamp="2020-03-09T09:57:10" hostname="admin1-desktop" time="0.227">
  <properties/>
  <testcase name="givenIplCSVFile_ShouldReturnTopBattingAverages" classname="IPLTest" time="0.227"/>
  <system-out><![CDATA[]]></system-out>
  <system-err><![CDATA[]]></system-err>
</testsuite>
